Mon Jun 12 2023 22:21:59 [Pachu Success] info: Database Connected!
Mon Jun 12 2023 22:21:59 [Pachu Success] info: Application is listening on port 5000
Mon Jun 12 2023 22:22:16 [Pachu Success] info: Database Connected!
Mon Jun 12 2023 22:22:16 [Pachu Success] info: Application is listening on port 5000
Mon Jun 12 2023 22:22:28 [Pachu Success] info: Database Connected!
Mon Jun 12 2023 22:22:28 [Pachu Success] info: Application is listening on port 5000
Mon Jun 12 2023 22:22:41 [Pachu Success] info: Database Connected!
Mon Jun 12 2023 22:22:41 [Pachu Success] info: Application is listening on port 5000
Mon Jun 12 2023 22:22:49 [Pachu Success] info: Database Connected!
Mon Jun 12 2023 22:22:49 [Pachu Success] info: Application is listening on port 5000
Mon Jun 12 2023 22:22:59 [Pachu Success] info: Database Connected!
Mon Jun 12 2023 22:22:59 [Pachu Success] info: Application is listening on port 5000
Mon Jun 12 2023 22:56:12 [Pachu Success] info: 🛢   Database is connected successfully
Mon Jun 12 2023 22:56:12 [Pachu Success] info: Application  listening on port 5000
Mon Jun 12 2023 22:56:45 [Pachu Success] info: Database is connected successfully
Mon Jun 12 2023 22:56:45 [Pachu Success] info: Application  listening on port 5000
Mon Jun 12 2023 22:58:17 [Pachu Success] info: Database is connected successfully
Mon Jun 12 2023 22:58:17 [Pachu Success] info: Application  listening on port 5000
Mon Jun 12 2023 22:58:21 [Pachu Success] info: Database is connected successfully
Mon Jun 12 2023 22:58:21 [Pachu Success] info: Application  listening on port 5000
